d:\documents\fac\m1\coo\project\projet_blanco_ziar\debug\vc142.pdb
d:\documents\fac\m1\coo\project\projet_blanco_ziar\debug\vc142.idb
d:\documents\fac\m1\coo\project\projet_blanco_ziar\debug\grid_cell.obj
d:\documents\fac\m1\coo\project\projet_blanco_ziar\debug\grid.obj
d:\documents\fac\m1\coo\project\projet_blanco_ziar\debug\player.obj
d:\documents\fac\m1\coo\project\projet_blanco_ziar\debug\tracer.obj
d:\documents\fac\m1\coo\project\projet_blanco_ziar\debug\moves.obj
d:\documents\fac\m1\coo\project\projet_blanco_ziar\debug\main.obj
d:\documents\fac\m1\coo\project\projet_blanco_ziar\debug\choice_menu.obj
d:\documents\fac\m1\coo\project\projet_blanco_ziar\debug\maze_loader.obj
d:\documents\fac\m1\coo\project\projet_blanco_ziar\debug\game_facade.obj
d:\documents\fac\m1\coo\project\projet_blanco_ziar\debug\projet_blanco_ziar.exe
d:\documents\fac\m1\coo\project\projet_blanco_ziar\debug\projet_blanco_ziar.ilk
d:\documents\fac\m1\coo\project\projet_blanco_ziar\debug\projet_blanco_ziar.pdb
d:\documents\fac\m1\coo\project\projet_blanco_ziar\debug\grid.obj.enc
d:\documents\fac\m1\coo\project\projet_blanco_ziar\debug\grid_cell.new.obj.enc
d:\documents\fac\m1\coo\project\projet_blanco_ziar\debug\moves.new.obj.enc
d:\documents\fac\m1\coo\project\projet_blanco_ziar\debug\player.new.obj.enc
d:\documents\fac\m1\coo\project\projet_blanco_ziar\debug\projet_b.400fde51.tlog\cl.command.1.tlog
d:\documents\fac\m1\coo\project\projet_blanco_ziar\debug\projet_b.400fde51.tlog\cl.read.1.tlog
d:\documents\fac\m1\coo\project\projet_blanco_ziar\debug\projet_b.400fde51.tlog\cl.write.1.tlog
d:\documents\fac\m1\coo\project\projet_blanco_ziar\debug\projet_b.400fde51.tlog\link.command.1.tlog
d:\documents\fac\m1\coo\project\projet_blanco_ziar\debug\projet_b.400fde51.tlog\link.read.1.tlog
d:\documents\fac\m1\coo\project\projet_blanco_ziar\debug\projet_b.400fde51.tlog\link.write.1.tlog
